[0.006s] Invoking command in '/home/raj/dev_ws/build/my_bot': CMAKE_PREFIX_PATH=/opt/ros/humble /usr/bin/cmake --build /home/raj/dev_ws/build/my_bot -- -j12 -l12
[0.043s] Invoked command in '/home/raj/dev_ws/build/my_bot' returned '0': CMAKE_PREFIX_PATH=/opt/ros/humble /usr/bin/cmake --build /home/raj/dev_ws/build/my_bot -- -j12 -l12
[0.049s] Invoking command in '/home/raj/dev_ws/build/my_bot': CMAKE_PREFIX_PATH=/opt/ros/humble /usr/bin/cmake --install /home/raj/dev_ws/build/my_bot
[0.057s] -- Install configuration: ""
[0.058s] -- Execute custom install script
[0.059s] -- Up-to-date symlink: /home/raj/dev_ws/install/my_bot/share/my_bot/config/empty.yaml
[0.059s] -- Symlinking: /home/raj/dev_ws/install/my_bot/share/my_bot/description/gazebo_control.xacro
[0.066s] -- Up-to-date symlink: /home/raj/dev_ws/install/my_bot/share/my_bot/description/inertial_macros.xacro
[0.066s] -- Up-to-date symlink: /home/raj/dev_ws/install/my_bot/share/my_bot/description/robot.urdf.xacro
[0.066s] -- Up-to-date symlink: /home/raj/dev_ws/install/my_bot/share/my_bot/description/robot_core.xacro
[0.066s] -- Symlinking: /home/raj/dev_ws/install/my_bot/share/my_bot/launch/launch_sim.launch.py
[0.073s] -- Up-to-date symlink: /home/raj/dev_ws/install/my_bot/share/my_bot/launch/rsp.launch.py
[0.073s] -- Up-to-date symlink: /home/raj/dev_ws/install/my_bot/share/my_bot/worlds/empty.world
[0.073s] -- Up-to-date symlink: /home/raj/dev_ws/install/my_bot/share/ament_index/resource_index/package_run_dependencies/my_bot
[0.073s] -- Up-to-date symlink: /home/raj/dev_ws/install/my_bot/share/ament_index/resource_index/parent_prefix_path/my_bot
[0.073s] -- Up-to-date symlink: /home/raj/dev_ws/install/my_bot/share/my_bot/environment/ament_prefix_path.sh
[0.073s] -- Up-to-date symlink: /home/raj/dev_ws/install/my_bot/share/my_bot/environment/ament_prefix_path.dsv
[0.073s] -- Up-to-date symlink: /home/raj/dev_ws/install/my_bot/share/my_bot/environment/path.sh
[0.073s] -- Up-to-date symlink: /home/raj/dev_ws/install/my_bot/share/my_bot/environment/path.dsv
[0.073s] -- Up-to-date symlink: /home/raj/dev_ws/install/my_bot/share/my_bot/local_setup.bash
[0.073s] -- Up-to-date symlink: /home/raj/dev_ws/install/my_bot/share/my_bot/local_setup.sh
[0.073s] -- Up-to-date symlink: /home/raj/dev_ws/install/my_bot/share/my_bot/local_setup.zsh
[0.073s] -- Up-to-date symlink: /home/raj/dev_ws/install/my_bot/share/my_bot/local_setup.dsv
[0.073s] -- Symlinking: /home/raj/dev_ws/install/my_bot/share/my_bot/package.dsv
[0.080s] -- Up-to-date symlink: /home/raj/dev_ws/install/my_bot/share/ament_index/resource_index/packages/my_bot
[0.080s] -- Up-to-date symlink: /home/raj/dev_ws/install/my_bot/share/my_bot/cmake/my_botConfig.cmake
[0.080s] -- Up-to-date symlink: /home/raj/dev_ws/install/my_bot/share/my_bot/cmake/my_botConfig-version.cmake
[0.080s] -- Up-to-date symlink: /home/raj/dev_ws/install/my_bot/share/my_bot/package.xml
[0.082s] Invoked command in '/home/raj/dev_ws/build/my_bot' returned '0': CMAKE_PREFIX_PATH=/opt/ros/humble /usr/bin/cmake --install /home/raj/dev_ws/build/my_bot
