[0.006s] Invoking command in '/home/raj/dev_ws/build/my_bot': CMAKE_PREFIX_PATH=${CMAKE_PREFIX_PATH}:/opt/ros/humble /usr/bin/cmake /home/raj/dev_ws/src/my_bot -DAMENT_CMAKE_SYMLINK_INSTALL=1 -DCMAKE_INSTALL_PREFIX=/home/raj/dev_ws/install/my_bot
[0.051s] -- The C compiler identification is GNU 11.4.0
[0.092s] -- The CXX compiler identification is GNU 11.4.0
[0.096s] -- Detecting C compiler ABI info
[0.147s] -- Detecting C compiler ABI info - done
[0.154s] -- Check for working C compiler: /usr/bin/cc - skipped
[0.154s] -- Detecting C compile features
[0.154s] -- Detecting C compile features - done
[0.156s] -- Detecting CXX compiler ABI info
[0.218s] -- Detecting CXX compiler ABI info - done
[0.223s] -- Check for working CXX compiler: /usr/bin/c++ - skipped
[0.223s] -- Detecting CXX compile features
[0.223s] -- Detecting CXX compile features - done
[0.224s] -- Found ament_cmake: 1.3.11 (/opt/ros/humble/share/ament_cmake/cmake)
[0.317s] -- Found Python3: /usr/bin/python3 (found version "3.10.12") found components: Interpreter 
[0.359s] -- Override CMake install command with custom implementation using symlinks instead of copying resources
[0.372s] -- Found ament_lint_auto: 0.12.11 (/opt/ros/humble/share/ament_lint_auto/cmake)
[0.422s] -- Added test 'copyright' to check source files copyright and LICENSE
[0.425s] -- Added test 'flake8' to check Python code syntax and style conventions
[0.425s] -- Added test 'lint_cmake' to check CMake code style
[0.425s] -- Added test 'pep257' to check Python code against some of the docstring style conventions in PEP 257
[0.427s] -- Added test 'xmllint' to check XML markup files
[0.427s] -- Configuring done
[0.429s] -- Generating done
[0.430s] -- Build files have been written to: /home/raj/dev_ws/build/my_bot
[0.434s] Invoked command in '/home/raj/dev_ws/build/my_bot' returned '0': CMAKE_PREFIX_PATH=${CMAKE_PREFIX_PATH}:/opt/ros/humble /usr/bin/cmake /home/raj/dev_ws/src/my_bot -DAMENT_CMAKE_SYMLINK_INSTALL=1 -DCMAKE_INSTALL_PREFIX=/home/raj/dev_ws/install/my_bot
[0.435s] Invoking command in '/home/raj/dev_ws/build/my_bot': CMAKE_PREFIX_PATH=${CMAKE_PREFIX_PATH}:/opt/ros/humble /usr/bin/cmake --build /home/raj/dev_ws/build/my_bot -- -j12 -l12
[0.464s] Invoked command in '/home/raj/dev_ws/build/my_bot' returned '0': CMAKE_PREFIX_PATH=${CMAKE_PREFIX_PATH}:/opt/ros/humble /usr/bin/cmake --build /home/raj/dev_ws/build/my_bot -- -j12 -l12
[0.471s] Invoking command in '/home/raj/dev_ws/build/my_bot': CMAKE_PREFIX_PATH=${CMAKE_PREFIX_PATH}:/opt/ros/humble /usr/bin/cmake --install /home/raj/dev_ws/build/my_bot
[0.477s] -- Install configuration: ""
[0.477s] -- Execute custom install script
[0.477s] -- Symlinking: /home/raj/dev_ws/install/my_bot/share/my_bot/config/empty.yaml
[0.483s] -- Symlinking: /home/raj/dev_ws/install/my_bot/share/my_bot/description/inertial_macros.xacro
[0.489s] -- Symlinking: /home/raj/dev_ws/install/my_bot/share/my_bot/description/robot.core.xacro
[0.495s] -- Symlinking: /home/raj/dev_ws/install/my_bot/share/my_bot/description/robot.urdf.xacro
[0.501s] -- Symlinking: /home/raj/dev_ws/install/my_bot/share/my_bot/launch/rsp.launch.py
[0.507s] -- Symlinking: /home/raj/dev_ws/install/my_bot/share/my_bot/worlds/empty.world
[0.513s] -- Symlinking: /home/raj/dev_ws/install/my_bot/share/ament_index/resource_index/package_run_dependencies/my_bot
[0.520s] -- Symlinking: /home/raj/dev_ws/install/my_bot/share/ament_index/resource_index/parent_prefix_path/my_bot
[0.526s] -- Symlinking: /home/raj/dev_ws/install/my_bot/share/my_bot/environment/ament_prefix_path.sh
[0.534s] -- Symlinking: /home/raj/dev_ws/install/my_bot/share/my_bot/environment/ament_prefix_path.dsv
[0.541s] -- Symlinking: /home/raj/dev_ws/install/my_bot/share/my_bot/environment/path.sh
[0.547s] -- Symlinking: /home/raj/dev_ws/install/my_bot/share/my_bot/environment/path.dsv
[0.552s] -- Symlinking: /home/raj/dev_ws/install/my_bot/share/my_bot/local_setup.bash
[0.558s] -- Symlinking: /home/raj/dev_ws/install/my_bot/share/my_bot/local_setup.sh
[0.563s] -- Symlinking: /home/raj/dev_ws/install/my_bot/share/my_bot/local_setup.zsh
[0.568s] -- Symlinking: /home/raj/dev_ws/install/my_bot/share/my_bot/local_setup.dsv
[0.575s] -- Symlinking: /home/raj/dev_ws/install/my_bot/share/my_bot/package.dsv
[0.582s] -- Symlinking: /home/raj/dev_ws/install/my_bot/share/ament_index/resource_index/packages/my_bot
[0.589s] -- Symlinking: /home/raj/dev_ws/install/my_bot/share/my_bot/cmake/my_botConfig.cmake
[0.596s] -- Symlinking: /home/raj/dev_ws/install/my_bot/share/my_bot/cmake/my_botConfig-version.cmake
[0.603s] -- Symlinking: /home/raj/dev_ws/install/my_bot/share/my_bot/package.xml
[0.612s] Invoked command in '/home/raj/dev_ws/build/my_bot' returned '0': CMAKE_PREFIX_PATH=${CMAKE_PREFIX_PATH}:/opt/ros/humble /usr/bin/cmake --install /home/raj/dev_ws/build/my_bot
